java.lang.RuntimeException: java.io.IOException: write failed
	at com.install4j.runtime.installer.helper.comm.HelperCommunication.executeOther(HelperCommunication.java:323)
	at com.install4j.runtime.installer.helper.comm.HelperCommunication.executeActionInt(HelperCommunication.java:258)
	at com.install4j.runtime.installer.helper.comm.HelperCommunication.executeAction(HelperCommunication.java:223)
	at com.install4j.runtime.installer.InstallerContextImpl.rollbackActionIntStatic(InstallerContextImpl.java:177)
	at com.install4j.runtime.installer.InstallerContextImpl.rollbackActionInt(InstallerContextImpl.java:171)
	at com.install4j.runtime.installer.ContextImpl.rollbackAction(ContextImpl.java:1136)
	at com.install4j.runtime.installer.controller.Controller.rollbackActions(Controller.java:330)
	at com.install4j.runtime.installer.controller.Controller.rollback(Controller.java:302)
	at com.install4j.runtime.installer.controller.Controller.handleCommand(Controller.java:211)
	at com.install4j.runtime.installer.controller.Controller.start(Controller.java:103)
	at com.install4j.runtime.installer.Installer.runInProcess(Installer.java:58)
	at com.install4j.runtime.installer.Installer.main(Installer.java:45)
	at sun.reflect.NativeMethodAccessorImpl.invoke0(Native Method)
	at sun.reflect.NativeMethodAccessorImpl.invoke(Unknown Source)
	at sun.reflect.DelegatingMethodAccessorImpl.invoke(Unknown Source)
	at java.lang.reflect.Method.invoke(Unknown Source)
	at com.exe4j.runtime.LauncherEngine.launch(LauncherEngine.java:85)
	at com.exe4j.runtime.WinLauncher.main(WinLauncher.java:94)
	at com.install4j.runtime.launcher.WinLauncher.main(WinLauncher.java:25)
Caused by: java.io.IOException: write failed
	at com.install4j.runtime.installer.helper.comm.HelperCommunication.sendObject(HelperCommunication.java:506)
	at com.install4j.runtime.installer.helper.comm.HelperCommunication.executeOther(HelperCommunication.java:286)
	... 、、